<?xml version="1.0" encoding="UTF-8"?>
<testng-results ignored="0" total="6" passed="5" failed="1" skipped="0">
  <reporter-output>
    <line>
      <![CDATA[You have 15 search results without providing Country paramater]]>
    </line>
    <line>
      <![CDATA[You have 0 search results. Term parameter is mandatory]]>
    </line>
    <line>
      <![CDATA[Bad request validation successful for invalid test data]]>
    </line>
    <line>
      <![CDATA[You have 5 search results. Limit parameter working as expected]]>
    </line>
    <line>
      <![CDATA[All the required fields are displayed in the response for given sample test data]]>
    </line>
    <line>
      <![CDATA[You have 20 search results]]>
    </line>
  </reporter-output>
  <suite started-at="2023-08-07T17:42:16 IST" name="Suite" finished-at="2023-08-07T17:42:19 IST" duration-ms="2596">
    <groups>
    </groups>
    <test started-at="2023-08-07T17:42:16 IST" name="Test" finished-at="2023-08-07T17:42:19 IST" duration-ms="2596">
      <class name="test.java.Tests">
        <test-method signature="mandatoryParamCountryValidation()[pri:0, instance:test.java.Tests@385e9564]" started-at="2023-08-07T17:42:17 IST" name="mandatoryParamCountryValidation" finished-at="2023-08-07T17:42:18 IST" duration-ms="1968" status="FAIL">
          <exception class="java.lang.AssertionError">
            <message>
              <![CDATA[expected [true] but found [false]]]>
            </message>
            <full-stacktrace>
              <![CDATA[java.lang.AssertionError: expected [true] but found [false]
at org.testng.Assert.fail(Assert.java:110)
at org.testng.Assert.failNotEquals(Assert.java:1413)
at org.testng.Assert.assertTrue(Assert.java:56)
at org.testng.Assert.assertTrue(Assert.java:66)
at test.java.Tests.mandatoryParamCountryValidation(Tests.java:125)
at java.base/jdk.internal.reflect.DirectMethodHandleAccessor.invoke(DirectMethodHandleAccessor.java:104)
at java.base/java.lang.reflect.Method.invoke(Method.java:578)
at org.testng.internal.invokers.MethodInvocationHelper.invokeMethod(MethodInvocationHelper.java:139)
at org.testng.internal.invokers.TestInvoker.invokeMethod(TestInvoker.java:677)
at org.testng.internal.invokers.TestInvoker.invokeTestMethod(TestInvoker.java:221)
at org.testng.internal.invokers.MethodRunner.runInSequence(MethodRunner.java:50)
at org.testng.internal.invokers.TestInvoker$MethodInvocationAgent.invoke(TestInvoker.java:962)
at org.testng.internal.invokers.TestInvoker.invokeTestMethods(TestInvoker.java:194)
at org.testng.internal.invokers.TestMethodWorker.invokeTestMethods(TestMethodWorker.java:148)
at org.testng.internal.invokers.TestMethodWorker.run(TestMethodWorker.java:128)
at java.base/java.util.ArrayList.forEach(ArrayList.java:1511)
at org.testng.TestRunner.privateRun(TestRunner.java:806)
at org.testng.TestRunner.run(TestRunner.java:601)
at org.testng.SuiteRunner.runTest(SuiteRunner.java:433)
at org.testng.SuiteRunner.runSequentially(SuiteRunner.java:427)
at org.testng.SuiteRunner.privateRun(SuiteRunner.java:387)
at org.testng.SuiteRunner.run(SuiteRunner.java:330)
at org.testng.SuiteRunnerWorker.runSuite(SuiteRunnerWorker.java:52)
at org.testng.SuiteRunnerWorker.run(SuiteRunnerWorker.java:95)
at org.testng.TestNG.runSuitesSequentially(TestNG.java:1256)
at org.testng.TestNG.runSuitesLocally(TestNG.java:1176)
at org.testng.TestNG.runSuites(TestNG.java:1099)
at org.testng.TestNG.run(TestNG.java:1067)
at org.testng.remote.AbstractRemoteTestNG.run(AbstractRemoteTestNG.java:115)
at org.testng.remote.RemoteTestNG.initAndRun(RemoteTestNG.java:251)
at org.testng.remote.RemoteTestNG.main(RemoteTestNG.java:77)
]]>
            </full-stacktrace>
          </exception> <!-- java.lang.AssertionError -->
          <reporter-output>
            <line>
              <![CDATA[You have 15 search results without providing Country paramater]]>
            </line>
          </reporter-output>
        </test-method> <!-- mandatoryParamCountryValidation -->
        <test-method signature="mandatoryParamTermValidation()[pri:0, instance:test.java.Tests@385e9564]" started-at="2023-08-07T17:42:18 IST" name="mandatoryParamTermValidation" finished-at="2023-08-07T17:42:19 IST" duration-ms="37" status="PASS">
          <reporter-output>
            <line>
              <![CDATA[You have 0 search results. Term parameter is mandatory]]>
            </line>
          </reporter-output>
        </test-method> <!-- mandatoryParamTermValidation -->
        <test-method signature="validateInvalidDataThrowsBadRequest()[pri:0, instance:test.java.Tests@385e9564]" started-at="2023-08-07T17:42:19 IST" name="validateInvalidDataThrowsBadRequest" finished-at="2023-08-07T17:42:19 IST" duration-ms="294" status="PASS">
          <reporter-output>
            <line>
              <![CDATA[Bad request validation successful for invalid test data]]>
            </line>
          </reporter-output>
        </test-method> <!-- validateInvalidDataThrowsBadRequest -->
        <test-method signature="validateLimitParameter()[pri:0, instance:test.java.Tests@385e9564]" started-at="2023-08-07T17:42:19 IST" name="validateLimitParameter" finished-at="2023-08-07T17:42:19 IST" duration-ms="40" status="PASS">
          <reporter-output>
            <line>
              <![CDATA[You have 5 search results. Limit parameter working as expected]]>
            </line>
          </reporter-output>
        </test-method> <!-- validateLimitParameter -->
        <test-method signature="validateResponseResultHasExpectedParameters()[pri:0, instance:test.java.Tests@385e9564]" started-at="2023-08-07T17:42:19 IST" name="validateResponseResultHasExpectedParameters" finished-at="2023-08-07T17:42:19 IST" duration-ms="173" status="PASS">
          <reporter-output>
            <line>
              <![CDATA[All the required fields are displayed in the response for given sample test data]]>
            </line>
          </reporter-output>
        </test-method> <!-- validateResponseResultHasExpectedParameters -->
        <test-method signature="validateSearchResultsDisplayed()[pri:0, instance:test.java.Tests@385e9564]" started-at="2023-08-07T17:42:19 IST" name="validateSearchResultsDisplayed" finished-at="2023-08-07T17:42:19 IST" duration-ms="34" status="PASS">
          <reporter-output>
            <line>
              <![CDATA[You have 20 search results]]>
            </line>
          </reporter-output>
        </test-method> <!-- validateSearchResultsDisplayed -->
      </class> <!-- test.java.Tests -->
    </test> <!-- Test -->
  </suite> <!-- Suite -->
</testng-results>
