<?xml version="1.0" encoding="UTF-8"?>
<!-- Generated by org.testng.reporters.JUnitReportReporter -->
<testsuite hostname="DESKTOP-S04OVM4" failures="1" tests="6" name="test.java.Tests" time="2.546" errors="0" timestamp="2023-08-07T17:42:19 IST" skipped="0">
  <testcase classname="test.java.Tests" name="validateResponseResultHasExpectedParameters" time="0.173"/>
  <system-out>
    <![CDATA[All the required fields are displayed in the response for given sample test data]]>
  </system-out>
  <testcase classname="test.java.Tests" name="validateSearchResultsDisplayed" time="0.034"/>
  <system-out>
    <![CDATA[You have 20 search results]]>
  </system-out>
  <testcase classname="test.java.Tests" name="mandatoryParamTermValidation" time="0.037"/>
  <system-out>
    <![CDATA[You have 0 search results. Term parameter is mandatory]]>
  </system-out>
  <testcase classname="test.java.Tests" name="validateInvalidDataThrowsBadRequest" time="0.294"/>
  <system-out>
    <![CDATA[Bad request validation successful for invalid test data]]>
  </system-out>
  <testcase classname="test.java.Tests" name="validateLimitParameter" time="0.040"/>
  <system-out>
    <![CDATA[You have 5 search results. Limit parameter working as expected]]>
  </system-out>
  <testcase classname="test.java.Tests" name="mandatoryParamCountryValidation" time="1.968">
    <failure message="expected [true] but found [false]" type="java.lang.AssertionError">
      <![CDATA[java.lang.AssertionError: expected [true] but found [false]
at org.testng.Assert.fail(Assert.java:110)
at org.testng.Assert.failNotEquals(Assert.java:1413)
at org.testng.Assert.assertTrue(Assert.java:56)
at org.testng.Assert.assertTrue(Assert.java:66)
at test.java.Tests.mandatoryParamCountryValidation(Tests.java:125)
at java.base/jdk.internal.reflect.DirectMethodHandleAccessor.invoke(DirectMethodHandleAccessor.java:104)
at java.base/java.lang.reflect.Method.invoke(Method.java:578)
at org.testng.internal.invokers.MethodInvocationHelper.invokeMethod(MethodInvocationHelper.java:139)
at org.testng.internal.invokers.TestInvoker.invokeMethod(TestInvoker.java:677)
at org.testng.internal.invokers.TestInvoker.invokeTestMethod(TestInvoker.java:221)
at org.testng.internal.invokers.MethodRunner.runInSequence(MethodRunner.java:50)
at org.testng.internal.invokers.TestInvoker$MethodInvocationAgent.invoke(TestInvoker.java:962)
at org.testng.internal.invokers.TestInvoker.invokeTestMethods(TestInvoker.java:194)
at org.testng.internal.invokers.TestMethodWorker.invokeTestMethods(TestMethodWorker.java:148)
at org.testng.internal.invokers.TestMethodWorker.run(TestMethodWorker.java:128)
at java.base/java.util.ArrayList.forEach(ArrayList.java:1511)
at org.testng.TestRunner.privateRun(TestRunner.java:806)
at org.testng.TestRunner.run(TestRunner.java:601)
at org.testng.SuiteRunner.runTest(SuiteRunner.java:433)
at org.testng.SuiteRunner.runSequentially(SuiteRunner.java:427)
at org.testng.SuiteRunner.privateRun(SuiteRunner.java:387)
at org.testng.SuiteRunner.run(SuiteRunner.java:330)
at org.testng.SuiteRunnerWorker.runSuite(SuiteRunnerWorker.java:52)
at org.testng.SuiteRunnerWorker.run(SuiteRunnerWorker.java:95)
at org.testng.TestNG.runSuitesSequentially(TestNG.java:1256)
at org.testng.TestNG.runSuitesLocally(TestNG.java:1176)
at org.testng.TestNG.runSuites(TestNG.java:1099)
at org.testng.TestNG.run(TestNG.java:1067)
at org.testng.remote.AbstractRemoteTestNG.run(AbstractRemoteTestNG.java:115)
at org.testng.remote.RemoteTestNG.initAndRun(RemoteTestNG.java:251)
at org.testng.remote.RemoteTestNG.main(RemoteTestNG.java:77)
]]>
    </failure>
  </testcase> <!-- mandatoryParamCountryValidation -->
  <system-out>
    <![CDATA[You have 15 search results without providing Country paramater]]>
  </system-out>
</testsuite> <!-- test.java.Tests -->
